<?xml version="1.0" encoding="UTF-8"?>
<!-- Generated by org.testng.reporters.JUnitReportReporter -->
<testsuite skipped="0" hostname="DESKTOP-VADQQAC" name="mainTestCases.maincase" tests="4" failures="0" timestamp="10 Dec 2020 07:19:26 GMT" time="13.385" errors="0">
  <testcase name="login_ValidUserID_InValidPWD" time="0.932" classname="mainTestCases.maincase"/>
  <testcase name="login_ValidUserID_InValidPWD" time="0.910" classname="mainTestCases.maincase"/>
  <testcase name="login_ValidUserID_InValidPWD" time="10.870" classname="mainTestCases.maincase"/>
  <testcase name="login_ValidUserID_InValidPWD" time="0.673" classname="mainTestCases.maincase"/>
</testsuite> <!-- mainTestCases.maincase -->
