<?xml version="1.0" encoding="UTF-8"?>
<!-- Generated by org.testng.reporters.JUnitReportReporter -->
<testsuite skipped="0" hostname="DESKTOP-VADQQAC" name="common.BaseClass" tests="1" failures="0" timestamp="07 Dec 2020 07:28:41 GMT" time="7.879" errors="0">
  <testcase name="ChromeBrowserSetup" time="7.879" classname="common.BaseClass"/>
</testsuite> <!-- common.BaseClass -->
